[INFO] Testing hcp...
[INFO] Using template ../supplementary_material/templates/cortex_4_smoothed_42016_sps[192, 208, 192]_ps[128, 144, 128].obj
/opt/miniconda3/envs/vox2cortex/lib/python3.7/site-packages/torch/cuda/memory.py:354: FutureWarning: torch.cuda.max_memory_cached has been renamed to torch.cuda.max_memory_reserved
  FutureWarning)
/opt/miniconda3/envs/vox2cortex/lib/python3.7/site-packages/torch/cuda/memory.py:346: FutureWarning: torch.cuda.memory_cached has been renamed to torch.cuda.memory_reserved
  FutureWarning)
[INFO] Loading dataset DATASET_NAME...
Loading images...:   0%|          | 0/1 [00:00<?, ?it/s]Loading images...: 100%|██████████| 1/1 [00:00<00:00,  4.58it/s]Loading images...: 100%|██████████| 1/1 [00:00<00:00,  4.57it/s]
Loading voxelized meshes...: 0it [00:00, ?it/s]Loading voxelized meshes...: 0it [00:00, ?it/s]
Loading meshes...:   0%|          | 0/1 [00:00<?, ?it/s]Loading meshes...: 100%|██████████| 1/1 [00:00<00:00,  7.35it/s]Loading meshes...: 100%|██████████| 1/1 [00:00<00:00,  7.34it/s]
Transform meshes accordingly...: 0it [00:00, ?it/s]Transform meshes accordingly...: 1it [00:00,  4.71it/s]Transform meshes accordingly...: 1it [00:00,  4.71it/s]
Voxelize meshes...:   0%|          | 0/1 [00:00<?, ?it/s]Voxelize meshes...: 100%|██████████| 1/1 [00:06<00:00,  6.41s/it]Voxelize meshes...: 100%|██████████| 1/1 [00:06<00:00,  6.41s/it]
Get point labels from meshes...: 0it [00:00, ?it/s]Get point labels from meshes...: 1it [00:00,  1.39it/s]Get point labels from meshes...: 1it [00:00,  1.39it/s]
[INFO] 1 test files.
[INFO] Test model /v2c/experiments/hcp/best.model stored in training epoch 86
Evaluate...:   0%|          | 0/1 [00:00<?, ?it/s]Evaluate...:   0%|          | 0/1 [00:02<?, ?it/s]
Traceback (most recent call last):
  File "main.py", line 260, in <module>
    main(hyper_ps)
  File "main.py", line 256, in main
    loglevel=hps['LOGLEVEL'], resume=args.resume)
  File "/v2c/vox2cortex/utils/test.py", line 254, in test_routine
    write_test_results(results, mn, test_dir)
  File "/v2c/vox2cortex/utils/test.py", line 84, in write_test_results
    for k, v in results.items():
AttributeError: 'str' object has no attribute 'items'
