MODEL_CONFIG <class 'dict'>
dataset_paths dict_keys(['DATASET_NAME', 'TEST'])
A
B
train_split /v2c/CSR_subset/train_ids.txt
n_min_vertices!!!! (50811, 3)
n_min_vertices!!!! (50559, 3)
n_min_vertices!!!! (50811, 3)
n_min_vertices!!!! (50559, 3)
n_min_vertices!!!! (41962, 3)
n_min_vertices!!!! (42174, 3)
n_min_vertices!!!! (41962, 3)
n_min_vertices!!!! (42174, 3)
n_min_vertices!!!! (42530, 3)
n_min_vertices!!!! (43061, 3)
n_min_vertices!!!! (42530, 3)
n_min_vertices!!!! (43061, 3)
n_min_vertices!!!! (43270, 3)
n_min_vertices!!!! (43491, 3)
n_min_vertices!!!! (43270, 3)
n_min_vertices!!!! (43491, 3)
n_min_vertices!!!! (33694, 3)
n_min_vertices!!!! (33810, 3)
n_min_vertices!!!! (33694, 3)
n_min_vertices!!!! (33810, 3)
n_min_vertices!!!! (38449, 3)
n_min_vertices!!!! (39362, 3)
n_min_vertices!!!! (38449, 3)
n_min_vertices!!!! (39362, 3)
n_min_vertices!!!! (42581, 3)
n_min_vertices!!!! (43349, 3)
n_min_vertices!!!! (42581, 3)
n_min_vertices!!!! (43349, 3)
n_min_vertices!!!! (32635, 3)
n_min_vertices!!!! (32663, 3)
n_min_vertices!!!! (32635, 3)
n_min_vertices!!!! (32663, 3)
n_min_vertices!!!! (34277, 3)
n_min_vertices!!!! (34314, 3)
n_min_vertices!!!! (34277, 3)
n_min_vertices!!!! (34314, 3)
n_min_vertices!!!! (43753, 3)
n_min_vertices!!!! (43760, 3)
n_min_vertices!!!! (43753, 3)
n_min_vertices!!!! (43760, 3)
n_min_vertices!!!! (44828, 3)
n_min_vertices!!!! (45440, 3)
n_min_vertices!!!! (44828, 3)
n_min_vertices!!!! (45440, 3)
n_min_vertices!!!! (44501, 3)
n_min_vertices!!!! (44793, 3)
n_min_vertices!!!! (44501, 3)
n_min_vertices!!!! (44793, 3)
n_min_vertices!!!! (45600, 3)
n_min_vertices!!!! (46055, 3)
n_min_vertices!!!! (45600, 3)
n_min_vertices!!!! (46055, 3)
n_min_vertices!!!! (43537, 3)
n_min_vertices!!!! (44110, 3)
n_min_vertices!!!! (43537, 3)
n_min_vertices!!!! (44110, 3)
n_min_vertices!!!! (45040, 3)
n_min_vertices!!!! (44788, 3)
n_min_vertices!!!! (45040, 3)
n_min_vertices!!!! (44788, 3)
n_min_vertices!!!! (38798, 3)
n_min_vertices!!!! (39200, 3)
n_min_vertices!!!! (38798, 3)
n_min_vertices!!!! (39200, 3)
n_min_vertices!!!! (38625, 3)
n_min_vertices!!!! (38528, 3)
n_min_vertices!!!! (38625, 3)
n_min_vertices!!!! (38528, 3)
n_min_vertices!!!! (34538, 3)
n_min_vertices!!!! (35659, 3)
n_min_vertices!!!! (34538, 3)
n_min_vertices!!!! (35659, 3)
n_min_vertices!!!! (38958, 3)
n_min_vertices!!!! (39425, 3)
n_min_vertices!!!! (38958, 3)
n_min_vertices!!!! (39425, 3)
n_min_vertices!!!! (39260, 3)
n_min_vertices!!!! (39672, 3)
n_min_vertices!!!! (39260, 3)
n_min_vertices!!!! (39672, 3)
n_min_vertices!!!! (41084, 3)
n_min_vertices!!!! (40451, 3)
n_min_vertices!!!! (41084, 3)
n_min_vertices!!!! (40451, 3)
n_min_vertices!!!! (40509, 3)
n_min_vertices!!!! (40906, 3)
n_min_vertices!!!! (40509, 3)
n_min_vertices!!!! (40906, 3)
n_min_vertices!!!! (42304, 3)
n_min_vertices!!!! (42715, 3)
n_min_vertices!!!! (42304, 3)
n_min_vertices!!!! (42715, 3)
n_min_vertices!!!! (46394, 3)
n_min_vertices!!!! (46285, 3)
n_min_vertices!!!! (46394, 3)
n_min_vertices!!!! (46285, 3)
n_min_vertices!!!! (40560, 3)
n_min_vertices!!!! (40436, 3)
n_min_vertices!!!! (40560, 3)
n_min_vertices!!!! (40436, 3)
n_min_vertices!!!! (45955, 3)
n_min_vertices!!!! (45329, 3)
n_min_vertices!!!! (45955, 3)
n_min_vertices!!!! (45329, 3)
n_min_vertices!!!! (38422, 3)
n_min_vertices!!!! (38151, 3)
n_min_vertices!!!! (38422, 3)
n_min_vertices!!!! (38151, 3)
n_min_vertices!!!! (35327, 3)
n_min_vertices!!!! (35162, 3)
n_min_vertices!!!! (35327, 3)
n_min_vertices!!!! (35162, 3)
n_min_vertices!!!! (37253, 3)
n_min_vertices!!!! (37638, 3)
n_min_vertices!!!! (37253, 3)
n_min_vertices!!!! (37638, 3)
n_min_vertices!!!! (34702, 3)
n_min_vertices!!!! (35193, 3)
n_min_vertices!!!! (34702, 3)
n_min_vertices!!!! (35193, 3)
n_min_vertices!!!! (53744, 3)
n_min_vertices!!!! (53600, 3)
n_min_vertices!!!! (53744, 3)
n_min_vertices!!!! (53600, 3)
n_min_vertices!!!! (43438, 3)
n_min_vertices!!!! (43093, 3)
n_min_vertices!!!! (43438, 3)
n_min_vertices!!!! (43093, 3)
n_min_vertices!!!! (48416, 3)
n_min_vertices!!!! (48740, 3)
n_min_vertices!!!! (48416, 3)
n_min_vertices!!!! (48740, 3)
n_min_vertices!!!! (42067, 3)
n_min_vertices!!!! (42185, 3)
n_min_vertices!!!! (42067, 3)
n_min_vertices!!!! (42185, 3)
n_min_vertices!!!! (47096, 3)
n_min_vertices!!!! (47620, 3)
n_min_vertices!!!! (47096, 3)
n_min_vertices!!!! (47620, 3)
n_min_vertices!!!! (52742, 3)
n_min_vertices!!!! (53042, 3)
n_min_vertices!!!! (52742, 3)
n_min_vertices!!!! (53042, 3)
n_min_vertices!!!! (34675, 3)
n_min_vertices!!!! (35661, 3)
n_min_vertices!!!! (34675, 3)
n_min_vertices!!!! (35661, 3)
n_min_vertices!!!! (47694, 3)
n_min_vertices!!!! (48182, 3)
n_min_vertices!!!! (47694, 3)
n_min_vertices!!!! (48182, 3)
n_min_vertices!!!! (38767, 3)
n_min_vertices!!!! (38638, 3)
n_min_vertices!!!! (38767, 3)
n_min_vertices!!!! (38638, 3)
n_min_vertices!!!! (53184, 3)
n_min_vertices!!!! (53398, 3)
n_min_vertices!!!! (53184, 3)
n_min_vertices!!!! (53398, 3)
n_min_vertices!!!! (50965, 3)
n_min_vertices!!!! (51052, 3)
n_min_vertices!!!! (50965, 3)
n_min_vertices!!!! (51052, 3)
n_min_vertices!!!! (37131, 3)
n_min_vertices!!!! (36951, 3)
n_min_vertices!!!! (37131, 3)
n_min_vertices!!!! (36951, 3)
n_min_vertices!!!! (41972, 3)
n_min_vertices!!!! (42794, 3)
n_min_vertices!!!! (41972, 3)
n_min_vertices!!!! (42794, 3)
n_min_vertices!!!! (38836, 3)
n_min_vertices!!!! (39705, 3)
n_min_vertices!!!! (38836, 3)
n_min_vertices!!!! (39705, 3)
n_min_vertices!!!! (41832, 3)
n_min_vertices!!!! (42207, 3)
n_min_vertices!!!! (41832, 3)
n_min_vertices!!!! (42207, 3)
n_min_vertices!!!! (42094, 3)
n_min_vertices!!!! (42748, 3)
n_min_vertices!!!! (42094, 3)
n_min_vertices!!!! (42748, 3)
n_min_vertices!!!! (46232, 3)
n_min_vertices!!!! (46484, 3)
n_min_vertices!!!! (46232, 3)
n_min_vertices!!!! (46484, 3)
n_min_vertices!!!! (38147, 3)
n_min_vertices!!!! (38004, 3)
n_min_vertices!!!! (38147, 3)
n_min_vertices!!!! (38004, 3)
n_min_vertices!!!! (40894, 3)
n_min_vertices!!!! (41114, 3)
n_min_vertices!!!! (40894, 3)
n_min_vertices!!!! (41114, 3)
n_min_vertices!!!! (43830, 3)
n_min_vertices!!!! (44272, 3)
n_min_vertices!!!! (43830, 3)
n_min_vertices!!!! (44272, 3)
n_min_vertices!!!! (44247, 3)
n_min_vertices!!!! (43934, 3)
n_min_vertices!!!! (44247, 3)
n_min_vertices!!!! (43934, 3)
[Warning] File /v2c/CSR_subset/700634/lh_white_reduced_0.3.thickness could not be found, inserting dummy.
[Warning] File /v2c/CSR_subset/700634/rh_white_reduced_0.3.thickness could not be found, inserting dummy.
[Warning] File /v2c/CSR_subset/700634/lh_pial_reduced_0.3.thickness could not be found, inserting dummy.
[Warning] File /v2c/CSR_subset/700634/rh_pial_reduced_0.3.thickness could not be found, inserting dummy.
[Warning] File /v2c/CSR_subset/702133/lh_white_reduced_0.3.thickness could not be found, inserting dummy.
[Warning] File /v2c/CSR_subset/702133/rh_white_reduced_0.3.thickness could not be found, inserting dummy.
[Warning] File /v2c/CSR_subset/702133/lh_pial_reduced_0.3.thickness could not be found, inserting dummy.
[Warning] File /v2c/CSR_subset/702133/rh_pial_reduced_0.3.thickness could not be found, inserting dummy.
[Warning] File /v2c/CSR_subset/704238/lh_white_reduced_0.3.thickness could not be found, inserting dummy.
[Warning] File /v2c/CSR_subset/704238/rh_white_reduced_0.3.thickness could not be found, inserting dummy.
[Warning] File /v2c/CSR_subset/704238/lh_pial_reduced_0.3.thickness could not be found, inserting dummy.
[Warning] File /v2c/CSR_subset/704238/rh_pial_reduced_0.3.thickness could not be found, inserting dummy.
[Warning] File /v2c/CSR_subset/705341/lh_white_reduced_0.3.thickness could not be found, inserting dummy.
[Warning] File /v2c/CSR_subset/705341/rh_white_reduced_0.3.thickness could not be found, inserting dummy.
[Warning] File /v2c/CSR_subset/705341/lh_pial_reduced_0.3.thickness could not be found, inserting dummy.
[Warning] File /v2c/CSR_subset/705341/rh_pial_reduced_0.3.thickness could not be found, inserting dummy.
[Warning] File /v2c/CSR_subset/706040/lh_white_reduced_0.3.thickness could not be found, inserting dummy.
[Warning] File /v2c/CSR_subset/706040/rh_white_reduced_0.3.thickness could not be found, inserting dummy.
[Warning] File /v2c/CSR_subset/706040/lh_pial_reduced_0.3.thickness could not be found, inserting dummy.
[Warning] File /v2c/CSR_subset/706040/rh_pial_reduced_0.3.thickness could not be found, inserting dummy.
[Warning] File /v2c/CSR_subset/707749/lh_white_reduced_0.3.thickness could not be found, inserting dummy.
[Warning] File /v2c/CSR_subset/707749/rh_white_reduced_0.3.thickness could not be found, inserting dummy.
[Warning] File /v2c/CSR_subset/707749/lh_pial_reduced_0.3.thickness could not be found, inserting dummy.
[Warning] File /v2c/CSR_subset/707749/rh_pial_reduced_0.3.thickness could not be found, inserting dummy.
[Warning] File /v2c/CSR_subset/709551/lh_white_reduced_0.3.thickness could not be found, inserting dummy.
[Warning] File /v2c/CSR_subset/709551/rh_white_reduced_0.3.thickness could not be found, inserting dummy.
[Warning] File /v2c/CSR_subset/709551/lh_pial_reduced_0.3.thickness could not be found, inserting dummy.
[Warning] File /v2c/CSR_subset/709551/rh_pial_reduced_0.3.thickness could not be found, inserting dummy.
[Warning] File /v2c/CSR_subset/713239/lh_white_reduced_0.3.thickness could not be found, inserting dummy.
[Warning] File /v2c/CSR_subset/713239/rh_white_reduced_0.3.thickness could not be found, inserting dummy.
[Warning] File /v2c/CSR_subset/713239/lh_pial_reduced_0.3.thickness could not be found, inserting dummy.
[Warning] File /v2c/CSR_subset/713239/rh_pial_reduced_0.3.thickness could not be found, inserting dummy.
[Warning] File /v2c/CSR_subset/715041/lh_white_reduced_0.3.thickness could not be found, inserting dummy.
[Warning] File /v2c/CSR_subset/715041/rh_white_reduced_0.3.thickness could not be found, inserting dummy.
[Warning] File /v2c/CSR_subset/715041/lh_pial_reduced_0.3.thickness could not be found, inserting dummy.
[Warning] File /v2c/CSR_subset/715041/rh_pial_reduced_0.3.thickness could not be found, inserting dummy.
[Warning] File /v2c/CSR_subset/715647/lh_white_reduced_0.3.thickness could not be found, inserting dummy.
[Warning] File /v2c/CSR_subset/715647/rh_white_reduced_0.3.thickness could not be found, inserting dummy.
[Warning] File /v2c/CSR_subset/715647/lh_pial_reduced_0.3.thickness could not be found, inserting dummy.
[Warning] File /v2c/CSR_subset/715647/rh_pial_reduced_0.3.thickness could not be found, inserting dummy.
[Warning] File /v2c/CSR_subset/715950/lh_white_reduced_0.3.thickness could not be found, inserting dummy.
[Warning] File /v2c/CSR_subset/715950/rh_white_reduced_0.3.thickness could not be found, inserting dummy.
[Warning] File /v2c/CSR_subset/715950/lh_pial_reduced_0.3.thickness could not be found, inserting dummy.
[Warning] File /v2c/CSR_subset/715950/rh_pial_reduced_0.3.thickness could not be found, inserting dummy.
[Warning] File /v2c/CSR_subset/720337/lh_white_reduced_0.3.thickness could not be found, inserting dummy.
[Warning] File /v2c/CSR_subset/720337/rh_white_reduced_0.3.thickness could not be found, inserting dummy.
[Warning] File /v2c/CSR_subset/720337/lh_pial_reduced_0.3.thickness could not be found, inserting dummy.
[Warning] File /v2c/CSR_subset/720337/rh_pial_reduced_0.3.thickness could not be found, inserting dummy.
[Warning] File /v2c/CSR_subset/724446/lh_white_reduced_0.3.thickness could not be found, inserting dummy.
[Warning] File /v2c/CSR_subset/724446/rh_white_reduced_0.3.thickness could not be found, inserting dummy.
[Warning] File /v2c/CSR_subset/724446/lh_pial_reduced_0.3.thickness could not be found, inserting dummy.
[Warning] File /v2c/CSR_subset/724446/rh_pial_reduced_0.3.thickness could not be found, inserting dummy.
[Warning] File /v2c/CSR_subset/725751/lh_white_reduced_0.3.thickness could not be found, inserting dummy.
[Warning] File /v2c/CSR_subset/725751/rh_white_reduced_0.3.thickness could not be found, inserting dummy.
[Warning] File /v2c/CSR_subset/725751/lh_pial_reduced_0.3.thickness could not be found, inserting dummy.
[Warning] File /v2c/CSR_subset/725751/rh_pial_reduced_0.3.thickness could not be found, inserting dummy.
[Warning] File /v2c/CSR_subset/727553/lh_white_reduced_0.3.thickness could not be found, inserting dummy.
[Warning] File /v2c/CSR_subset/727553/rh_white_reduced_0.3.thickness could not be found, inserting dummy.
[Warning] File /v2c/CSR_subset/727553/lh_pial_reduced_0.3.thickness could not be found, inserting dummy.
[Warning] File /v2c/CSR_subset/727553/rh_pial_reduced_0.3.thickness could not be found, inserting dummy.
[Warning] File /v2c/CSR_subset/727654/lh_white_reduced_0.3.thickness could not be found, inserting dummy.
[Warning] File /v2c/CSR_subset/727654/rh_white_reduced_0.3.thickness could not be found, inserting dummy.
[Warning] File /v2c/CSR_subset/727654/lh_pial_reduced_0.3.thickness could not be found, inserting dummy.
[Warning] File /v2c/CSR_subset/727654/rh_pial_reduced_0.3.thickness could not be found, inserting dummy.
[Warning] File /v2c/CSR_subset/729254/lh_white_reduced_0.3.thickness could not be found, inserting dummy.
[Warning] File /v2c/CSR_subset/729254/rh_white_reduced_0.3.thickness could not be found, inserting dummy.
[Warning] File /v2c/CSR_subset/729254/lh_pial_reduced_0.3.thickness could not be found, inserting dummy.
[Warning] File /v2c/CSR_subset/729254/rh_pial_reduced_0.3.thickness could not be found, inserting dummy.
[Warning] File /v2c/CSR_subset/729557/lh_white_reduced_0.3.thickness could not be found, inserting dummy.
[Warning] File /v2c/CSR_subset/729557/rh_white_reduced_0.3.thickness could not be found, inserting dummy.
[Warning] File /v2c/CSR_subset/729557/lh_pial_reduced_0.3.thickness could not be found, inserting dummy.
[Warning] File /v2c/CSR_subset/729557/rh_pial_reduced_0.3.thickness could not be found, inserting dummy.
[Warning] File /v2c/CSR_subset/731140/lh_white_reduced_0.3.thickness could not be found, inserting dummy.
[Warning] File /v2c/CSR_subset/731140/rh_white_reduced_0.3.thickness could not be found, inserting dummy.
[Warning] File /v2c/CSR_subset/731140/lh_pial_reduced_0.3.thickness could not be found, inserting dummy.
[Warning] File /v2c/CSR_subset/731140/rh_pial_reduced_0.3.thickness could not be found, inserting dummy.
[Warning] File /v2c/CSR_subset/732243/lh_white_reduced_0.3.thickness could not be found, inserting dummy.
[Warning] File /v2c/CSR_subset/732243/rh_white_reduced_0.3.thickness could not be found, inserting dummy.
[Warning] File /v2c/CSR_subset/732243/lh_pial_reduced_0.3.thickness could not be found, inserting dummy.
[Warning] File /v2c/CSR_subset/732243/rh_pial_reduced_0.3.thickness could not be found, inserting dummy.
[Warning] File /v2c/CSR_subset/733548/lh_white_reduced_0.3.thickness could not be found, inserting dummy.
[Warning] File /v2c/CSR_subset/733548/rh_white_reduced_0.3.thickness could not be found, inserting dummy.
[Warning] File /v2c/CSR_subset/733548/lh_pial_reduced_0.3.thickness could not be found, inserting dummy.
[Warning] File /v2c/CSR_subset/733548/rh_pial_reduced_0.3.thickness could not be found, inserting dummy.
[Warning] File /v2c/CSR_subset/734045/lh_white_reduced_0.3.thickness could not be found, inserting dummy.
[Warning] File /v2c/CSR_subset/734045/rh_white_reduced_0.3.thickness could not be found, inserting dummy.
[Warning] File /v2c/CSR_subset/734045/lh_pial_reduced_0.3.thickness could not be found, inserting dummy.
[Warning] File /v2c/CSR_subset/734045/rh_pial_reduced_0.3.thickness could not be found, inserting dummy.
[Warning] File /v2c/CSR_subset/734247/lh_white_reduced_0.3.thickness could not be found, inserting dummy.
[Warning] File /v2c/CSR_subset/734247/rh_white_reduced_0.3.thickness could not be found, inserting dummy.
[Warning] File /v2c/CSR_subset/734247/lh_pial_reduced_0.3.thickness could not be found, inserting dummy.
[Warning] File /v2c/CSR_subset/734247/rh_pial_reduced_0.3.thickness could not be found, inserting dummy.
[Warning] File /v2c/CSR_subset/735148/lh_white_reduced_0.3.thickness could not be found, inserting dummy.
[Warning] File /v2c/CSR_subset/735148/rh_white_reduced_0.3.thickness could not be found, inserting dummy.
[Warning] File /v2c/CSR_subset/735148/lh_pial_reduced_0.3.thickness could not be found, inserting dummy.
[Warning] File /v2c/CSR_subset/735148/rh_pial_reduced_0.3.thickness could not be found, inserting dummy.
[Warning] File /v2c/CSR_subset/737960/lh_white_reduced_0.3.thickness could not be found, inserting dummy.
[Warning] File /v2c/CSR_subset/737960/rh_white_reduced_0.3.thickness could not be found, inserting dummy.
[Warning] File /v2c/CSR_subset/737960/lh_pial_reduced_0.3.thickness could not be found, inserting dummy.
[Warning] File /v2c/CSR_subset/737960/rh_pial_reduced_0.3.thickness could not be found, inserting dummy.
[Warning] File /v2c/CSR_subset/742549/lh_white_reduced_0.3.thickness could not be found, inserting dummy.
[Warning] File /v2c/CSR_subset/742549/rh_white_reduced_0.3.thickness could not be found, inserting dummy.
[Warning] File /v2c/CSR_subset/742549/lh_pial_reduced_0.3.thickness could not be found, inserting dummy.
[Warning] File /v2c/CSR_subset/742549/rh_pial_reduced_0.3.thickness could not be found, inserting dummy.
[Warning] File /v2c/CSR_subset/744553/lh_white_reduced_0.3.thickness could not be found, inserting dummy.
[Warning] File /v2c/CSR_subset/744553/rh_white_reduced_0.3.thickness could not be found, inserting dummy.
[Warning] File /v2c/CSR_subset/744553/lh_pial_reduced_0.3.thickness could not be found, inserting dummy.
[Warning] File /v2c/CSR_subset/744553/rh_pial_reduced_0.3.thickness could not be found, inserting dummy.
[Warning] File /v2c/CSR_subset/745555/lh_white_reduced_0.3.thickness could not be found, inserting dummy.
[Warning] File /v2c/CSR_subset/745555/rh_white_reduced_0.3.thickness could not be found, inserting dummy.
[Warning] File /v2c/CSR_subset/745555/lh_pial_reduced_0.3.thickness could not be found, inserting dummy.
[Warning] File /v2c/CSR_subset/745555/rh_pial_reduced_0.3.thickness could not be found, inserting dummy.
[Warning] File /v2c/CSR_subset/748258/lh_white_reduced_0.3.thickness could not be found, inserting dummy.
[Warning] File /v2c/CSR_subset/748258/rh_white_reduced_0.3.thickness could not be found, inserting dummy.
[Warning] File /v2c/CSR_subset/748258/lh_pial_reduced_0.3.thickness could not be found, inserting dummy.
[Warning] File /v2c/CSR_subset/748258/rh_pial_reduced_0.3.thickness could not be found, inserting dummy.
[Warning] File /v2c/CSR_subset/748662/lh_white_reduced_0.3.thickness could not be found, inserting dummy.
[Warning] File /v2c/CSR_subset/748662/rh_white_reduced_0.3.thickness could not be found, inserting dummy.
[Warning] File /v2c/CSR_subset/748662/lh_pial_reduced_0.3.thickness could not be found, inserting dummy.
[Warning] File /v2c/CSR_subset/748662/rh_pial_reduced_0.3.thickness could not be found, inserting dummy.
[Warning] File /v2c/CSR_subset/749058/lh_white_reduced_0.3.thickness could not be found, inserting dummy.
[Warning] File /v2c/CSR_subset/749058/rh_white_reduced_0.3.thickness could not be found, inserting dummy.
[Warning] File /v2c/CSR_subset/749058/lh_pial_reduced_0.3.thickness could not be found, inserting dummy.
[Warning] File /v2c/CSR_subset/749058/rh_pial_reduced_0.3.thickness could not be found, inserting dummy.
[Warning] File /v2c/CSR_subset/749361/lh_white_reduced_0.3.thickness could not be found, inserting dummy.
[Warning] File /v2c/CSR_subset/749361/rh_white_reduced_0.3.thickness could not be found, inserting dummy.
[Warning] File /v2c/CSR_subset/749361/lh_pial_reduced_0.3.thickness could not be found, inserting dummy.
[Warning] File /v2c/CSR_subset/749361/rh_pial_reduced_0.3.thickness could not be found, inserting dummy.
[Warning] File /v2c/CSR_subset/751348/lh_white_reduced_0.3.thickness could not be found, inserting dummy.
[Warning] File /v2c/CSR_subset/751348/rh_white_reduced_0.3.thickness could not be found, inserting dummy.
[Warning] File /v2c/CSR_subset/751348/lh_pial_reduced_0.3.thickness could not be found, inserting dummy.
[Warning] File /v2c/CSR_subset/751348/rh_pial_reduced_0.3.thickness could not be found, inserting dummy.
[Warning] File /v2c/CSR_subset/751550/lh_white_reduced_0.3.thickness could not be found, inserting dummy.
[Warning] File /v2c/CSR_subset/751550/rh_white_reduced_0.3.thickness could not be found, inserting dummy.
[Warning] File /v2c/CSR_subset/751550/lh_pial_reduced_0.3.thickness could not be found, inserting dummy.
[Warning] File /v2c/CSR_subset/751550/rh_pial_reduced_0.3.thickness could not be found, inserting dummy.
[Warning] File /v2c/CSR_subset/753150/lh_white_reduced_0.3.thickness could not be found, inserting dummy.
[Warning] File /v2c/CSR_subset/753150/rh_white_reduced_0.3.thickness could not be found, inserting dummy.
[Warning] File /v2c/CSR_subset/753150/lh_pial_reduced_0.3.thickness could not be found, inserting dummy.
[Warning] File /v2c/CSR_subset/753150/rh_pial_reduced_0.3.thickness could not be found, inserting dummy.
[Warning] File /v2c/CSR_subset/753251/lh_white_reduced_0.3.thickness could not be found, inserting dummy.
[Warning] File /v2c/CSR_subset/753251/rh_white_reduced_0.3.thickness could not be found, inserting dummy.
[Warning] File /v2c/CSR_subset/753251/lh_pial_reduced_0.3.thickness could not be found, inserting dummy.
[Warning] File /v2c/CSR_subset/753251/rh_pial_reduced_0.3.thickness could not be found, inserting dummy.
[Warning] File /v2c/CSR_subset/756055/lh_white_reduced_0.3.thickness could not be found, inserting dummy.
[Warning] File /v2c/CSR_subset/756055/rh_white_reduced_0.3.thickness could not be found, inserting dummy.
[Warning] File /v2c/CSR_subset/756055/lh_pial_reduced_0.3.thickness could not be found, inserting dummy.
[Warning] File /v2c/CSR_subset/756055/rh_pial_reduced_0.3.thickness could not be found, inserting dummy.
[Warning] File /v2c/CSR_subset/759869/lh_white_reduced_0.3.thickness could not be found, inserting dummy.
[Warning] File /v2c/CSR_subset/759869/rh_white_reduced_0.3.thickness could not be found, inserting dummy.
[Warning] File /v2c/CSR_subset/759869/lh_pial_reduced_0.3.thickness could not be found, inserting dummy.
[Warning] File /v2c/CSR_subset/759869/rh_pial_reduced_0.3.thickness could not be found, inserting dummy.
[Warning] File /v2c/CSR_subset/761957/lh_white_reduced_0.3.thickness could not be found, inserting dummy.
[Warning] File /v2c/CSR_subset/761957/rh_white_reduced_0.3.thickness could not be found, inserting dummy.
[Warning] File /v2c/CSR_subset/761957/lh_pial_reduced_0.3.thickness could not be found, inserting dummy.
[Warning] File /v2c/CSR_subset/761957/rh_pial_reduced_0.3.thickness could not be found, inserting dummy.
[Warning] File /v2c/CSR_subset/765056/lh_white_reduced_0.3.thickness could not be found, inserting dummy.
[Warning] File /v2c/CSR_subset/765056/rh_white_reduced_0.3.thickness could not be found, inserting dummy.
[Warning] File /v2c/CSR_subset/765056/lh_pial_reduced_0.3.thickness could not be found, inserting dummy.
[Warning] File /v2c/CSR_subset/765056/rh_pial_reduced_0.3.thickness could not be found, inserting dummy.
[Warning] File /v2c/CSR_subset/766563/lh_white_reduced_0.3.thickness could not be found, inserting dummy.
[Warning] File /v2c/CSR_subset/766563/rh_white_reduced_0.3.thickness could not be found, inserting dummy.
[Warning] File /v2c/CSR_subset/766563/lh_pial_reduced_0.3.thickness could not be found, inserting dummy.
[Warning] File /v2c/CSR_subset/766563/rh_pial_reduced_0.3.thickness could not be found, inserting dummy.
[Warning] File /v2c/CSR_subset/767464/lh_white_reduced_0.3.thickness could not be found, inserting dummy.
[Warning] File /v2c/CSR_subset/767464/rh_white_reduced_0.3.thickness could not be found, inserting dummy.
[Warning] File /v2c/CSR_subset/767464/lh_pial_reduced_0.3.thickness could not be found, inserting dummy.
[Warning] File /v2c/CSR_subset/767464/rh_pial_reduced_0.3.thickness could not be found, inserting dummy.
[Warning] File /v2c/CSR_subset/769064/lh_white_reduced_0.3.thickness could not be found, inserting dummy.
[Warning] File /v2c/CSR_subset/769064/rh_white_reduced_0.3.thickness could not be found, inserting dummy.
[Warning] File /v2c/CSR_subset/769064/lh_pial_reduced_0.3.thickness could not be found, inserting dummy.
[Warning] File /v2c/CSR_subset/769064/rh_pial_reduced_0.3.thickness could not be found, inserting dummy.
[Warning] File /v2c/CSR_subset/770352/lh_white_reduced_0.3.thickness could not be found, inserting dummy.
[Warning] File /v2c/CSR_subset/770352/rh_white_reduced_0.3.thickness could not be found, inserting dummy.
[Warning] File /v2c/CSR_subset/770352/lh_pial_reduced_0.3.thickness could not be found, inserting dummy.
[Warning] File /v2c/CSR_subset/770352/rh_pial_reduced_0.3.thickness could not be found, inserting dummy.
[Warning] File /v2c/CSR_subset/771354/lh_white_reduced_0.3.thickness could not be found, inserting dummy.
[Warning] File /v2c/CSR_subset/771354/rh_white_reduced_0.3.thickness could not be found, inserting dummy.
[Warning] File /v2c/CSR_subset/771354/lh_pial_reduced_0.3.thickness could not be found, inserting dummy.
[Warning] File /v2c/CSR_subset/771354/rh_pial_reduced_0.3.thickness could not be found, inserting dummy.
[Warning] File /v2c/CSR_subset/773257/lh_white_reduced_0.3.thickness could not be found, inserting dummy.
[Warning] File /v2c/CSR_subset/773257/rh_white_reduced_0.3.thickness could not be found, inserting dummy.
[Warning] File /v2c/CSR_subset/773257/lh_pial_reduced_0.3.thickness could not be found, inserting dummy.
[Warning] File /v2c/CSR_subset/773257/rh_pial_reduced_0.3.thickness could not be found, inserting dummy.
[Warning] File /v2c/CSR_subset/779370/lh_white_reduced_0.3.thickness could not be found, inserting dummy.
[Warning] File /v2c/CSR_subset/779370/rh_white_reduced_0.3.thickness could not be found, inserting dummy.
[Warning] File /v2c/CSR_subset/779370/lh_pial_reduced_0.3.thickness could not be found, inserting dummy.
[Warning] File /v2c/CSR_subset/779370/rh_pial_reduced_0.3.thickness could not be found, inserting dummy.
[Warning] File /v2c/CSR_subset/782157/lh_white_reduced_0.3.thickness could not be found, inserting dummy.
[Warning] File /v2c/CSR_subset/782157/rh_white_reduced_0.3.thickness could not be found, inserting dummy.
[Warning] File /v2c/CSR_subset/782157/lh_pial_reduced_0.3.thickness could not be found, inserting dummy.
[Warning] File /v2c/CSR_subset/782157/rh_pial_reduced_0.3.thickness could not be found, inserting dummy.
[Warning] File /v2c/CSR_subset/782561/lh_white_reduced_0.3.thickness could not be found, inserting dummy.
[Warning] File /v2c/CSR_subset/782561/rh_white_reduced_0.3.thickness could not be found, inserting dummy.
[Warning] File /v2c/CSR_subset/782561/lh_pial_reduced_0.3.thickness could not be found, inserting dummy.
[Warning] File /v2c/CSR_subset/782561/rh_pial_reduced_0.3.thickness could not be found, inserting dummy.
[Warning] File /v2c/CSR_subset/783462/lh_white_reduced_0.3.thickness could not be found, inserting dummy.
[Warning] File /v2c/CSR_subset/783462/rh_white_reduced_0.3.thickness could not be found, inserting dummy.
[Warning] File /v2c/CSR_subset/783462/lh_pial_reduced_0.3.thickness could not be found, inserting dummy.
[Warning] File /v2c/CSR_subset/783462/rh_pial_reduced_0.3.thickness could not be found, inserting dummy.
[Warning] File /v2c/CSR_subset/784565/lh_white_reduced_0.3.thickness could not be found, inserting dummy.
[Warning] File /v2c/CSR_subset/784565/rh_white_reduced_0.3.thickness could not be found, inserting dummy.
[Warning] File /v2c/CSR_subset/784565/lh_pial_reduced_0.3.thickness could not be found, inserting dummy.
[Warning] File /v2c/CSR_subset/784565/rh_pial_reduced_0.3.thickness could not be found, inserting dummy.

