MODEL_CONFIG <class 'dict'>
dataset_paths dict_keys(['DATASET_NAME'])
Device 0: b'NVIDIA GeForce RTX 2080 Ti', Memory : (97.80% free): 11811160064(total), 11550785536 (free), 260374528 (used)
train_split /v2c/CSR_data/train_ids.txt
n_min_vertices!!!! (38562, 3)
n_min_vertices!!!! (38366, 3)
n_min_vertices!!!! (38562, 3)
n_min_vertices!!!! (38366, 3)
n_min_vertices!!!! (42034, 3)
n_min_vertices!!!! (42695, 3)
n_min_vertices!!!! (42034, 3)
n_min_vertices!!!! (42695, 3)
n_min_vertices!!!! (49940, 3)
n_min_vertices!!!! (49844, 3)
n_min_vertices!!!! (49940, 3)
n_min_vertices!!!! (49844, 3)
n_min_vertices!!!! (40459, 3)
n_min_vertices!!!! (41227, 3)
n_min_vertices!!!! (40459, 3)
n_min_vertices!!!! (41227, 3)
n_min_vertices!!!! (40505, 3)
n_min_vertices!!!! (40774, 3)
n_min_vertices!!!! (40505, 3)
n_min_vertices!!!! (40774, 3)
n_min_vertices!!!! (42535, 3)
n_min_vertices!!!! (43373, 3)
n_min_vertices!!!! (42535, 3)
n_min_vertices!!!! (43373, 3)
n_min_vertices!!!! (42986, 3)
n_min_vertices!!!! (42859, 3)
n_min_vertices!!!! (42986, 3)
n_min_vertices!!!! (42859, 3)
n_min_vertices!!!! (38096, 3)
n_min_vertices!!!! (39004, 3)
n_min_vertices!!!! (38096, 3)
n_min_vertices!!!! (39004, 3)
n_min_vertices!!!! (43113, 3)
n_min_vertices!!!! (43162, 3)
n_min_vertices!!!! (43113, 3)
n_min_vertices!!!! (43162, 3)
n_min_vertices!!!! (45615, 3)
n_min_vertices!!!! (46424, 3)
n_min_vertices!!!! (45615, 3)
n_min_vertices!!!! (46424, 3)
n_min_vertices!!!! (36415, 3)
n_min_vertices!!!! (35796, 3)
n_min_vertices!!!! (36415, 3)
n_min_vertices!!!! (35796, 3)
n_min_vertices!!!! (43638, 3)
n_min_vertices!!!! (43931, 3)
n_min_vertices!!!! (43638, 3)
n_min_vertices!!!! (43931, 3)
n_min_vertices!!!! (42590, 3)
n_min_vertices!!!! (42321, 3)
n_min_vertices!!!! (42590, 3)
n_min_vertices!!!! (42321, 3)
n_min_vertices!!!! (39269, 3)
n_min_vertices!!!! (39485, 3)
n_min_vertices!!!! (39269, 3)
n_min_vertices!!!! (39485, 3)
n_min_vertices!!!! (37186, 3)
n_min_vertices!!!! (38011, 3)
n_min_vertices!!!! (37186, 3)
n_min_vertices!!!! (38011, 3)
n_min_vertices!!!! (44064, 3)
n_min_vertices!!!! (44174, 3)
n_min_vertices!!!! (44064, 3)
n_min_vertices!!!! (44174, 3)
n_min_vertices!!!! (42293, 3)
n_min_vertices!!!! (42683, 3)
n_min_vertices!!!! (42293, 3)
n_min_vertices!!!! (42683, 3)
n_min_vertices!!!! (45468, 3)
n_min_vertices!!!! (46068, 3)
n_min_vertices!!!! (45468, 3)
n_min_vertices!!!! (46068, 3)
n_min_vertices!!!! (34809, 3)
n_min_vertices!!!! (35537, 3)
n_min_vertices!!!! (34809, 3)
n_min_vertices!!!! (35537, 3)
n_min_vertices!!!! (36549, 3)
n_min_vertices!!!! (36863, 3)
n_min_vertices!!!! (36549, 3)
n_min_vertices!!!! (36863, 3)
n_min_vertices!!!! (43353, 3)
n_min_vertices!!!! (43177, 3)
n_min_vertices!!!! (43353, 3)
n_min_vertices!!!! (43177, 3)
n_min_vertices!!!! (45122, 3)
n_min_vertices!!!! (45461, 3)
n_min_vertices!!!! (45122, 3)
n_min_vertices!!!! (45461, 3)
n_min_vertices!!!! (37517, 3)
n_min_vertices!!!! (37912, 3)
n_min_vertices!!!! (37517, 3)
n_min_vertices!!!! (37912, 3)
n_min_vertices!!!! (33132, 3)
n_min_vertices!!!! (32795, 3)
n_min_vertices!!!! (33132, 3)
n_min_vertices!!!! (32795, 3)
n_min_vertices!!!! (42719, 3)
n_min_vertices!!!! (43314, 3)
n_min_vertices!!!! (42719, 3)
n_min_vertices!!!! (43314, 3)
n_min_vertices!!!! (44810, 3)
n_min_vertices!!!! (45510, 3)
n_min_vertices!!!! (44810, 3)
n_min_vertices!!!! (45510, 3)
n_min_vertices!!!! (48400, 3)
n_min_vertices!!!! (48381, 3)
n_min_vertices!!!! (48400, 3)
n_min_vertices!!!! (48381, 3)
n_min_vertices!!!! (39730, 3)
n_min_vertices!!!! (39538, 3)
n_min_vertices!!!! (39730, 3)
n_min_vertices!!!! (39538, 3)
n_min_vertices!!!! (47188, 3)
n_min_vertices!!!! (47012, 3)
n_min_vertices!!!! (47188, 3)
n_min_vertices!!!! (47012, 3)
n_min_vertices!!!! (35186, 3)
n_min_vertices!!!! (35181, 3)
n_min_vertices!!!! (35186, 3)
n_min_vertices!!!! (35181, 3)
n_min_vertices!!!! (42008, 3)
n_min_vertices!!!! (41927, 3)
n_min_vertices!!!! (42008, 3)
n_min_vertices!!!! (41927, 3)
n_min_vertices!!!! (38889, 3)
n_min_vertices!!!! (39366, 3)
n_min_vertices!!!! (38889, 3)
n_min_vertices!!!! (39366, 3)
n_min_vertices!!!! (50055, 3)
n_min_vertices!!!! (50664, 3)
n_min_vertices!!!! (50055, 3)
n_min_vertices!!!! (50664, 3)
n_min_vertices!!!! (32409, 3)
n_min_vertices!!!! (32955, 3)
n_min_vertices!!!! (32409, 3)
n_min_vertices!!!! (32955, 3)
n_min_vertices!!!! (38491, 3)
n_min_vertices!!!! (38459, 3)
n_min_vertices!!!! (38491, 3)
n_min_vertices!!!! (38459, 3)
n_min_vertices!!!! (41921, 3)
n_min_vertices!!!! (42285, 3)
n_min_vertices!!!! (41921, 3)
n_min_vertices!!!! (42285, 3)
n_min_vertices!!!! (35910, 3)
n_min_vertices!!!! (36024, 3)
n_min_vertices!!!! (35910, 3)
n_min_vertices!!!! (36024, 3)
n_min_vertices!!!! (36925, 3)
n_min_vertices!!!! (36843, 3)
n_min_vertices!!!! (36925, 3)
n_min_vertices!!!! (36843, 3)
n_min_vertices!!!! (42321, 3)
n_min_vertices!!!! (42956, 3)
n_min_vertices!!!! (42321, 3)
n_min_vertices!!!! (42956, 3)
n_min_vertices!!!! (44178, 3)
n_min_vertices!!!! (44128, 3)
n_min_vertices!!!! (44178, 3)
n_min_vertices!!!! (44128, 3)
n_min_vertices!!!! (35098, 3)
n_min_vertices!!!! (34831, 3)
n_min_vertices!!!! (35098, 3)
n_min_vertices!!!! (34831, 3)
n_min_vertices!!!! (42980, 3)
n_min_vertices!!!! (42940, 3)
n_min_vertices!!!! (42980, 3)
n_min_vertices!!!! (42940, 3)
n_min_vertices!!!! (42173, 3)
n_min_vertices!!!! (42365, 3)
n_min_vertices!!!! (42173, 3)
n_min_vertices!!!! (42365, 3)
n_min_vertices!!!! (48341, 3)
n_min_vertices!!!! (48734, 3)
n_min_vertices!!!! (48341, 3)
n_min_vertices!!!! (48734, 3)
n_min_vertices!!!! (34374, 3)
n_min_vertices!!!! (34358, 3)
n_min_vertices!!!! (34374, 3)
n_min_vertices!!!! (34358, 3)
n_min_vertices!!!! (40596, 3)
n_min_vertices!!!! (40352, 3)
n_min_vertices!!!! (40596, 3)
n_min_vertices!!!! (40352, 3)
n_min_vertices!!!! (48459, 3)
n_min_vertices!!!! (48341, 3)
n_min_vertices!!!! (48459, 3)
n_min_vertices!!!! (48341, 3)
n_min_vertices!!!! (40110, 3)
n_min_vertices!!!! (39957, 3)
n_min_vertices!!!! (40110, 3)
n_min_vertices!!!! (39957, 3)
n_min_vertices!!!! (44727, 3)
n_min_vertices!!!! (45129, 3)
n_min_vertices!!!! (44727, 3)
n_min_vertices!!!! (45129, 3)
n_min_vertices!!!! (39023, 3)
n_min_vertices!!!! (39875, 3)
n_min_vertices!!!! (39023, 3)
n_min_vertices!!!! (39875, 3)
n_min_vertices!!!! (38057, 3)
n_min_vertices!!!! (38184, 3)
n_min_vertices!!!! (38057, 3)
n_min_vertices!!!! (38184, 3)
n_min_vertices!!!! (37173, 3)
n_min_vertices!!!! (37907, 3)
n_min_vertices!!!! (37173, 3)
n_min_vertices!!!! (37907, 3)
n_min_vertices!!!! (40586, 3)
n_min_vertices!!!! (40206, 3)
n_min_vertices!!!! (40586, 3)
n_min_vertices!!!! (40206, 3)
n_min_vertices!!!! (43086, 3)
n_min_vertices!!!! (43771, 3)
n_min_vertices!!!! (43086, 3)
n_min_vertices!!!! (43771, 3)
n_min_vertices!!!! (43941, 3)
n_min_vertices!!!! (44665, 3)
n_min_vertices!!!! (43941, 3)
n_min_vertices!!!! (44665, 3)
n_min_vertices!!!! (36587, 3)
n_min_vertices!!!! (36569, 3)
n_min_vertices!!!! (36587, 3)
n_min_vertices!!!! (36569, 3)
n_min_vertices!!!! (37901, 3)
n_min_vertices!!!! (37872, 3)
n_min_vertices!!!! (37901, 3)
n_min_vertices!!!! (37872, 3)
n_min_vertices!!!! (51344, 3)
n_min_vertices!!!! (52367, 3)
n_min_vertices!!!! (51344, 3)
n_min_vertices!!!! (52367, 3)
n_min_vertices!!!! (42887, 3)
n_min_vertices!!!! (43375, 3)
n_min_vertices!!!! (42887, 3)
n_min_vertices!!!! (43375, 3)
n_min_vertices!!!! (42286, 3)
n_min_vertices!!!! (42192, 3)
n_min_vertices!!!! (42286, 3)
n_min_vertices!!!! (42192, 3)
n_min_vertices!!!! (41303, 3)
n_min_vertices!!!! (41174, 3)
n_min_vertices!!!! (41303, 3)
n_min_vertices!!!! (41174, 3)
n_min_vertices!!!! (40506, 3)
n_min_vertices!!!! (41010, 3)
n_min_vertices!!!! (40506, 3)
n_min_vertices!!!! (41010, 3)
n_min_vertices!!!! (38046, 3)
n_min_vertices!!!! (38580, 3)
n_min_vertices!!!! (38046, 3)
n_min_vertices!!!! (38580, 3)
n_min_vertices!!!! (43252, 3)
n_min_vertices!!!! (43700, 3)
n_min_vertices!!!! (43252, 3)
n_min_vertices!!!! (43700, 3)
n_min_vertices!!!! (38112, 3)
n_min_vertices!!!! (38786, 3)
n_min_vertices!!!! (38112, 3)
n_min_vertices!!!! (38786, 3)
n_min_vertices!!!! (36968, 3)
n_min_vertices!!!! (37929, 3)
n_min_vertices!!!! (36968, 3)
n_min_vertices!!!! (37929, 3)
n_min_vertices!!!! (58066, 3)
n_min_vertices!!!! (59024, 3)
n_min_vertices!!!! (58066, 3)
n_min_vertices!!!! (59024, 3)
n_min_vertices!!!! (34860, 3)
n_min_vertices!!!! (35262, 3)
n_min_vertices!!!! (34860, 3)
n_min_vertices!!!! (35262, 3)
n_min_vertices!!!! (41422, 3)
n_min_vertices!!!! (41473, 3)
n_min_vertices!!!! (41422, 3)
n_min_vertices!!!! (41473, 3)
n_min_vertices!!!! (36191, 3)
n_min_vertices!!!! (36275, 3)
n_min_vertices!!!! (36191, 3)
n_min_vertices!!!! (36275, 3)
n_min_vertices!!!! (38497, 3)
n_min_vertices!!!! (38525, 3)
n_min_vertices!!!! (38497, 3)
n_min_vertices!!!! (38525, 3)
n_min_vertices!!!! (45307, 3)
n_min_vertices!!!! (45230, 3)
n_min_vertices!!!! (45307, 3)
n_min_vertices!!!! (45230, 3)
n_min_vertices!!!! (40772, 3)
n_min_vertices!!!! (40750, 3)
n_min_vertices!!!! (40772, 3)
n_min_vertices!!!! (40750, 3)
n_min_vertices!!!! (37916, 3)
n_min_vertices!!!! (38267, 3)
n_min_vertices!!!! (37916, 3)
n_min_vertices!!!! (38267, 3)
n_min_vertices!!!! (42163, 3)
n_min_vertices!!!! (42110, 3)
n_min_vertices!!!! (42163, 3)
n_min_vertices!!!! (42110, 3)
n_min_vertices!!!! (37244, 3)
n_min_vertices!!!! (37777, 3)
n_min_vertices!!!! (37244, 3)
n_min_vertices!!!! (37777, 3)
n_min_vertices!!!! (37576, 3)
n_min_vertices!!!! (37467, 3)
n_min_vertices!!!! (37576, 3)
n_min_vertices!!!! (37467, 3)
n_min_vertices!!!! (43049, 3)
n_min_vertices!!!! (43064, 3)
n_min_vertices!!!! (43049, 3)
n_min_vertices!!!! (43064, 3)
n_min_vertices!!!! (38975, 3)
n_min_vertices!!!! (39060, 3)
n_min_vertices!!!! (38975, 3)
n_min_vertices!!!! (39060, 3)
n_min_vertices!!!! (36751, 3)
n_min_vertices!!!! (37693, 3)
n_min_vertices!!!! (36751, 3)
n_min_vertices!!!! (37693, 3)
n_min_vertices!!!! (37563, 3)
n_min_vertices!!!! (38242, 3)
n_min_vertices!!!! (37563, 3)
n_min_vertices!!!! (38242, 3)
n_min_vertices!!!! (46257, 3)
n_min_vertices!!!! (47066, 3)
n_min_vertices!!!! (46257, 3)
n_min_vertices!!!! (47066, 3)
n_min_vertices!!!! (36476, 3)
n_min_vertices!!!! (36617, 3)
n_min_vertices!!!! (36476, 3)
n_min_vertices!!!! (36617, 3)
n_min_vertices!!!! (39049, 3)
n_min_vertices!!!! (39351, 3)
n_min_vertices!!!! (39049, 3)
n_min_vertices!!!! (39351, 3)
n_min_vertices!!!! (41337, 3)
n_min_vertices!!!! (42144, 3)
n_min_vertices!!!! (41337, 3)
n_min_vertices!!!! (42144, 3)
n_min_vertices!!!! (43562, 3)
n_min_vertices!!!! (43240, 3)
n_min_vertices!!!! (43562, 3)
n_min_vertices!!!! (43240, 3)
n_min_vertices!!!! (43537, 3)
n_min_vertices!!!! (43428, 3)
n_min_vertices!!!! (43537, 3)
n_min_vertices!!!! (43428, 3)
n_min_vertices!!!! (48742, 3)
n_min_vertices!!!! (49743, 3)
n_min_vertices!!!! (48742, 3)
n_min_vertices!!!! (49743, 3)
n_min_vertices!!!! (41085, 3)
n_min_vertices!!!! (41132, 3)
n_min_vertices!!!! (41085, 3)
n_min_vertices!!!! (41132, 3)
n_min_vertices!!!! (53231, 3)
n_min_vertices!!!! (53988, 3)
n_min_vertices!!!! (53231, 3)
n_min_vertices!!!! (53988, 3)
n_min_vertices!!!! (38006, 3)
n_min_vertices!!!! (38184, 3)
n_min_vertices!!!! (38006, 3)
n_min_vertices!!!! (38184, 3)
n_min_vertices!!!! (37633, 3)
n_min_vertices!!!! (37454, 3)
n_min_vertices!!!! (37633, 3)
n_min_vertices!!!! (37454, 3)
n_min_vertices!!!! (41720, 3)
n_min_vertices!!!! (41272, 3)
n_min_vertices!!!! (41720, 3)
n_min_vertices!!!! (41272, 3)
n_min_vertices!!!! (42226, 3)
n_min_vertices!!!! (42397, 3)
n_min_vertices!!!! (42226, 3)
n_min_vertices!!!! (42397, 3)
n_min_vertices!!!! (41615, 3)
n_min_vertices!!!! (42288, 3)
n_min_vertices!!!! (41615, 3)
n_min_vertices!!!! (42288, 3)
n_min_vertices!!!! (38098, 3)
n_min_vertices!!!! (38411, 3)
n_min_vertices!!!! (38098, 3)
n_min_vertices!!!! (38411, 3)
n_min_vertices!!!! (44552, 3)
n_min_vertices!!!! (44970, 3)
n_min_vertices!!!! (44552, 3)
n_min_vertices!!!! (44970, 3)
n_min_vertices!!!! (44619, 3)
n_min_vertices!!!! (44652, 3)
n_min_vertices!!!! (44619, 3)
n_min_vertices!!!! (44652, 3)
n_min_vertices!!!! (44172, 3)
n_min_vertices!!!! (43838, 3)
n_min_vertices!!!! (44172, 3)
n_min_vertices!!!! (43838, 3)
n_min_vertices!!!! (33621, 3)
n_min_vertices!!!! (33908, 3)
n_min_vertices!!!! (33621, 3)
n_min_vertices!!!! (33908, 3)
n_min_vertices!!!! (44128, 3)
n_min_vertices!!!! (44443, 3)
n_min_vertices!!!! (44128, 3)
n_min_vertices!!!! (44443, 3)
n_min_vertices!!!! (34065, 3)
n_min_vertices!!!! (34020, 3)
n_min_vertices!!!! (34065, 3)
n_min_vertices!!!! (34020, 3)
n_min_vertices!!!! (38670, 3)
n_min_vertices!!!! (38887, 3)
n_min_vertices!!!! (38670, 3)
n_min_vertices!!!! (38887, 3)
n_min_vertices!!!! (33724, 3)
n_min_vertices!!!! (33689, 3)
n_min_vertices!!!! (33724, 3)
n_min_vertices!!!! (33689, 3)
n_min_vertices!!!! (46111, 3)
n_min_vertices!!!! (46959, 3)
n_min_vertices!!!! (46111, 3)
n_min_vertices!!!! (46959, 3)
n_min_vertices!!!! (42266, 3)
n_min_vertices!!!! (43005, 3)
n_min_vertices!!!! (42266, 3)
n_min_vertices!!!! (43005, 3)
n_min_vertices!!!! (45557, 3)
n_min_vertices!!!! (44928, 3)
n_min_vertices!!!! (45557, 3)
n_min_vertices!!!! (44928, 3)
