MODEL_CONFIG <class 'dict'>
dataset_paths dict_keys(['DATASET_NAME'])
train_split /v2c/CSR_data/train_ids.txt
n_min_vertices!!!! (36415, 3)
n_min_vertices!!!! (35796, 3)
n_min_vertices!!!! (36415, 3)
n_min_vertices!!!! (35796, 3)
[Warning] File /v2c/CSR_data/201818/lh_white_reduced_0.3.thickness could not be found, inserting dummy.
[Warning] File /v2c/CSR_data/201818/rh_white_reduced_0.3.thickness could not be found, inserting dummy.
[Warning] File /v2c/CSR_data/201818/lh_pial_reduced_0.3.thickness could not be found, inserting dummy.
[Warning] File /v2c/CSR_data/201818/rh_pial_reduced_0.3.thickness could not be found, inserting dummy.
loading data took {} seconds 6.70198





model size: 25.010MB





model name  best.model





model size: 25.010MB





0 - load test dataset
Device 0: b'NVIDIA A40', Memory : (99.03% free): 48305799168(total), 47838855168 (free), 466944000 (used)
Max Memory occupied by tensors: 0
Max Memory Cached: 0
Current Memory occupied by tensors: 0
Current Memory cached occupied by tensors: 0




0 - Test Models
Device 0: b'NVIDIA A40', Memory : (99.03% free): 48305799168(total), 47838855168 (free), 466944000 (used)
Max Memory occupied by tensors: 0
Max Memory Cached: 0
Current Memory occupied by tensors: 0
Current Memory cached occupied by tensors: 0




0 - Select Model
Device 0: b'NVIDIA A40', Memory : (96.82% free): 48305799168(total), 46769307648 (free), 1536491520 (used)
Max Memory occupied by tensors: 10083840
Max Memory Cached: 20971520
Current Memory occupied by tensors: 10083840
Current Memory cached occupied by tensors: 20971520




