MODEL_CONFIG <class 'dict'>
dataset_paths dict_keys(['DATASET_NAME'])
entering test_routine
train_split /v2c/CSR_data/train_ids.txt
n_min_vertices!!!! (36415, 3)
n_min_vertices!!!! (35796, 3)
n_min_vertices!!!! (36415, 3)
n_min_vertices!!!! (35796, 3)
[Warning] File /v2c/CSR_data/201818/lh_white_reduced_0.3.thickness could not be found, inserting dummy.
[Warning] File /v2c/CSR_data/201818/rh_white_reduced_0.3.thickness could not be found, inserting dummy.
[Warning] File /v2c/CSR_data/201818/lh_pial_reduced_0.3.thickness could not be found, inserting dummy.
[Warning] File /v2c/CSR_data/201818/rh_pial_reduced_0.3.thickness could not be found, inserting dummy.
loading data took 7.41856 seconds





model size: 25.010MB





model name best.model
model name  best.model





model size: 25.010MB





0 - save (evaluator.evaluate)

Device 0: b'Tesla V100-SXM2-32GB', Memory : (85.28% free): 34359738368(total), 29301342208 (free), 5058396160 (used)
Max Memory occupied by tensors: 2674882048
Max Memory Cached: 3571449856
Current Memory occupied by tensors: 504991232
Current Memory cached occupied by tensors: 3571449856

total seconds for one batch is 2.361062
final messages
0 - load test dataset
Device 0: b'Tesla V100-SXM2-32GB', Memory : (99.20% free): 34359738368(total), 34085994496 (free), 273743872 (used)
Max Memory occupied by tensors: 0
Max Memory Cached: 0
Current Memory occupied by tensors: 0
Current Memory cached occupied by tensors: 0




0 - Test Models
Device 0: b'Tesla V100-SXM2-32GB', Memory : (99.20% free): 34359738368(total), 34085994496 (free), 273743872 (used)
Max Memory occupied by tensors: 0
Max Memory Cached: 0
Current Memory occupied by tensors: 0
Current Memory cached occupied by tensors: 0




0 - Select Model
Device 0: b'Tesla V100-SXM2-32GB', Memory : (96.01% free): 34359738368(total), 32990232576 (free), 1369505792 (used)
Max Memory occupied by tensors: 10083840
Max Memory Cached: 20971520
Current Memory occupied by tensors: 10083840
Current Memory cached occupied by tensors: 20971520




0 - load model weights +
Device 0: b'Tesla V100-SXM2-32GB', Memory : (96.01% free): 34359738368(total), 32990232576 (free), 1369505792 (used)
Max Memory occupied by tensors: 10083840
Max Memory Cached: 20971520
Current Memory occupied by tensors: 10083840
Current Memory cached occupied by tensors: 20971520




0 - evaluator.evaluate 
Device 0: b'Tesla V100-SXM2-32GB', Memory : (95.93% free): 34359738368(total), 32960872448 (free), 1398865920 (used)
Max Memory occupied by tensors: 36934656
Max Memory Cached: 50331648
Current Memory occupied by tensors: 36934656
Current Memory cached occupied by tensors: 50331648




0 - END best.model
Device 0: b'Tesla V100-SXM2-32GB', Memory : (85.27% free): 34359738368(total), 29299245056 (free), 5060493312 (used)
Max Memory occupied by tensors: 2674882048
Max Memory Cached: 3573547008
Current Memory occupied by tensors: 36934656
Current Memory cached occupied by tensors: 3573547008




